2022-04-07 17:22:08 INFO     Model: RotatE
2022-04-07 17:22:08 INFO     Data Path: ../data/ndsc
2022-04-07 17:22:08 INFO     #entity: 3543
2022-04-07 17:22:08 INFO     #relation: 3
2022-04-07 17:22:08 INFO     #train: 16886
2022-04-07 17:22:08 INFO     #valid: 5600
2022-04-07 17:22:09 INFO     Model Parameter Configuration:
2022-04-07 17:22:09 INFO     Parameter gamma: torch.Size([1]), require_grad = False
2022-04-07 17:22:09 INFO     Parameter embedding_range: torch.Size([1]), require_grad = False
2022-04-07 17:22:09 INFO     Parameter entity_embedding: torch.Size([3543, 1000]), require_grad = True
2022-04-07 17:22:09 INFO     Parameter relation_embedding: torch.Size([3, 500]), require_grad = True
2022-04-07 17:22:14 INFO     Loading checkpoint ../models/RotatE_ndsc_0...
2022-04-07 17:22:14 INFO     Start Training...
2022-04-07 17:22:14 INFO     init_step = 0
2022-04-07 17:22:14 INFO     batch_size = 1024
2022-04-07 17:22:14 INFO     negative_adversarial_sampling = 1
2022-04-07 17:22:14 INFO     hidden_dim = 500
2022-04-07 17:22:14 INFO     gamma = 12.000000
2022-04-07 17:22:14 INFO     negative_adversarial_sampling = True
2022-04-07 17:22:14 INFO     adversarial_temperature = 1.000000
